#! /c/Source/iverilog-install/bin/vvp
:ivl_version "12.0 (devel)" "(s20150603-1539-g2693dd32b)";
:ivl_delay_selection "TYPICAL";
:vpi_time_precision + 0;
:vpi_module "D:\iverilog\lib\ivl\system.vpi";
:vpi_module "D:\iverilog\lib\ivl\vhdl_sys.vpi";
:vpi_module "D:\iverilog\lib\ivl\vhdl_textio.vpi";
:vpi_module "D:\iverilog\lib\ivl\v2005_math.vpi";
:vpi_module "D:\iverilog\lib\ivl\va_math.vpi";
S_00000182ba2763f0 .scope module, "mult11s8s" "mult11s8s" 2 1;
 .timescale 0 0;
    .port_info 0 /INPUT 1 "clk";
    .port_info 1 /INPUT 11 "n1";
    .port_info 2 /INPUT 8 "n2";
    .port_info 3 /OUTPUT 19 "result";
o00000182ba137fb8 .functor BUFZ 1, C4<z>; HiZ drive
v00000182ba276580_0 .net "clk", 0 0, o00000182ba137fb8;  0 drivers
o00000182ba137fe8 .functor BUFZ 11, C4<zzzzzzzzzzz>; HiZ drive
v00000182ba276620_0 .net "n1", 10 0, o00000182ba137fe8;  0 drivers
v00000182ba2766c0_0 .var "n1_mag", 10 0;
o00000182ba138048 .functor BUFZ 8, C4<zzzzzzzz>; HiZ drive
v00000182ba1243a0_0 .net "n2", 7 0, o00000182ba138048;  0 drivers
v00000182ba124440_0 .var "n2_mag", 7 0;
v00000182ba1244e0_0 .var "result", 18 0;
E_00000182ba11e5e0 .event anyedge, v00000182ba1243a0_0;
E_00000182ba11e3e0 .event anyedge, v00000182ba276620_0;
    .scope S_00000182ba2763f0;
T_0 ;
    %wait E_00000182ba11e3e0;
    %load/vec4 v00000182ba276620_0;
    %parti/s 1, 10, 5;
    %cmpi/e 0, 0, 1;
    %jmp/0xz  T_0.0, 4;
    %load/vec4 v00000182ba276620_0;
    %store/vec4 v00000182ba2766c0_0, 0, 11;
    %jmp T_0.1;
T_0.0 ;
    %load/vec4 v00000182ba276620_0;
    %inv;
    %addi 1, 0, 11;
    %store/vec4 v00000182ba2766c0_0, 0, 11;
T_0.1 ;
    %jmp T_0;
    .thread T_0, $push;
    .scope S_00000182ba2763f0;
T_1 ;
    %wait E_00000182ba11e5e0;
    %load/vec4 v00000182ba1243a0_0;
    %parti/s 1, 7, 4;
    %cmpi/e 0, 0, 1;
    %jmp/0xz  T_1.0, 4;
    %load/vec4 v00000182ba1243a0_0;
    %store/vec4 v00000182ba124440_0, 0, 8;
    %jmp T_1.1;
T_1.0 ;
    %load/vec4 v00000182ba1243a0_0;
    %inv;
    %addi 1, 0, 8;
    %store/vec4 v00000182ba124440_0, 0, 8;
T_1.1 ;
    %jmp T_1;
    .thread T_1, $push;
# The file index is used to find the file name in the following table.
:file_names 3;
    "N/A";
    "<interactive>";
    "multiplier.v";
